2024-12-30 07:27:57,401 - root - INFO - Training start using 500 episodes and 100 steps per episode
2024-12-30 07:27:57,401 - CameraViewer - INFO - Initializing CameraViewer
2024-12-30 07:27:57,401 - Camera - INFO - Initializing Camera
2024-12-30 07:27:59,097 - Camera - INFO - Selected camera 1
2024-12-30 07:27:59,493 - Camera - INFO - Camera properties: 
CAP_PROP_BRIGHTNESS: 128.0 (min: 0, max: 255)
CAP_PROP_CONTRAST: 148.0 (min: 0, max: 255)
CAP_PROP_SATURATION: 90.0 (min: 0, max: 255)
2024-12-30 07:27:59,493 - UserInterface - INFO - Initializing UserInterface
2024-12-30 07:27:59,862 - QAgent - INFO - Initializing Agent
2024-12-30 07:28:00,663 - DeepQNetworkModel - INFO - Initializing DeepQNetworkModel
2024-12-30 07:28:00,689 - DeepQNetworkModel - INFO - Using device: cuda
2024-12-30 07:29:16,221 - root - INFO - Episode 0 completed
2024-12-30 07:30:23,276 - root - INFO - Episode 1 completed
2024-12-30 07:31:34,081 - root - INFO - Episode 2 completed
2024-12-30 07:32:47,053 - root - INFO - Episode 3 completed
2024-12-30 07:34:02,904 - root - INFO - Episode 4 completed
2024-12-30 07:35:22,317 - root - INFO - Episode 5 completed
2024-12-30 07:36:37,998 - root - INFO - Episode 6 completed
2024-12-30 07:37:53,120 - root - INFO - Episode 7 completed
2024-12-30 07:39:09,277 - root - INFO - Episode 8 completed
2024-12-30 07:40:22,102 - root - INFO - Episode 9 completed
2024-12-30 07:41:45,174 - root - INFO - Episode 10 completed
2024-12-30 07:43:04,302 - root - INFO - Episode 11 completed
2024-12-30 07:44:22,706 - root - INFO - Episode 12 completed
2024-12-30 07:45:44,912 - root - INFO - Episode 13 completed
2024-12-30 07:47:06,382 - root - INFO - Episode 14 completed
2024-12-30 07:48:27,949 - root - INFO - Episode 15 completed
2024-12-30 07:49:47,012 - root - INFO - Episode 16 completed
2024-12-30 07:51:06,403 - root - INFO - Episode 17 completed
2024-12-30 07:52:28,052 - root - INFO - Episode 18 completed
2024-12-30 07:53:39,718 - root - INFO - Episode 19 completed
2024-12-30 07:54:57,728 - root - INFO - Episode 20 completed
2024-12-30 07:56:11,351 - root - INFO - Episode 21 completed
2024-12-30 07:57:31,887 - root - INFO - Episode 22 completed
2024-12-30 07:58:58,238 - root - INFO - Episode 23 completed
2024-12-30 08:00:25,356 - root - INFO - Episode 24 completed
2024-12-30 08:01:50,215 - root - INFO - Episode 25 completed
2024-12-30 08:03:14,840 - root - INFO - Episode 26 completed
2024-12-30 08:04:42,483 - root - INFO - Episode 27 completed
2024-12-30 08:06:10,012 - root - INFO - Episode 28 completed
2024-12-30 08:07:38,310 - root - INFO - Episode 29 completed
2024-12-30 08:09:00,581 - root - INFO - Episode 30 completed
2024-12-30 08:10:26,048 - root - INFO - Episode 31 completed
2024-12-30 08:11:53,133 - root - INFO - Episode 32 completed
2024-12-30 08:13:15,983 - root - INFO - Episode 33 completed
2024-12-30 08:14:33,229 - root - INFO - Episode 34 completed
2024-12-30 08:15:46,589 - root - INFO - Episode 35 completed
2024-12-30 08:17:04,940 - root - INFO - Episode 36 completed
2024-12-30 08:18:27,440 - root - INFO - Episode 37 completed
2024-12-30 08:19:49,158 - root - INFO - Episode 38 completed
2024-12-30 08:21:08,952 - root - INFO - Episode 39 completed
2024-12-30 08:22:31,647 - root - INFO - Episode 40 completed
2024-12-30 08:23:49,825 - root - INFO - Episode 41 completed
2024-12-30 08:25:11,263 - root - INFO - Episode 42 completed
2024-12-30 08:26:31,912 - root - INFO - Episode 43 completed
2024-12-30 08:27:49,494 - root - INFO - Episode 44 completed
2024-12-30 08:29:08,137 - root - INFO - Episode 45 completed
2024-12-30 08:30:29,875 - root - INFO - Episode 46 completed
2024-12-30 08:31:51,291 - root - INFO - Episode 47 completed
2024-12-30 08:33:12,502 - root - INFO - Episode 48 completed
2024-12-30 08:34:33,296 - root - INFO - Episode 49 completed
2024-12-30 08:35:53,059 - root - INFO - Episode 50 completed
2024-12-30 08:37:08,301 - root - INFO - Episode 51 completed
2024-12-30 08:38:28,867 - root - INFO - Episode 52 completed
2024-12-30 08:39:46,558 - root - INFO - Episode 53 completed
2024-12-30 08:41:04,535 - root - INFO - Episode 54 completed
2024-12-30 08:42:23,451 - root - INFO - Episode 55 completed
2024-12-30 08:43:40,348 - root - INFO - Episode 56 completed
2024-12-30 08:45:00,153 - root - INFO - Episode 57 completed
2024-12-30 08:46:15,034 - root - INFO - Episode 58 completed
2024-12-30 08:47:33,545 - root - INFO - Episode 59 completed
2024-12-30 08:48:54,969 - root - INFO - Episode 60 completed
2024-12-30 08:50:18,305 - root - INFO - Episode 61 completed
2024-12-30 08:51:43,521 - root - INFO - Episode 62 completed
2024-12-30 08:53:04,429 - root - INFO - Episode 63 completed
2024-12-30 08:54:26,862 - root - INFO - Episode 64 completed
2024-12-30 08:55:47,261 - root - INFO - Episode 65 completed
2024-12-30 08:57:04,110 - root - INFO - Episode 66 completed
2024-12-30 08:58:26,161 - root - INFO - Episode 67 completed
2024-12-30 08:59:48,540 - root - INFO - Episode 68 completed
2024-12-30 09:01:10,750 - root - INFO - Episode 69 completed
2024-12-30 09:02:33,643 - root - INFO - Episode 70 completed
2024-12-30 09:03:57,818 - root - INFO - Episode 71 completed
2024-12-30 09:05:18,453 - root - INFO - Episode 72 completed
2024-12-30 09:06:38,674 - root - INFO - Episode 73 completed
2024-12-30 09:07:53,401 - root - INFO - Episode 74 completed
2024-12-30 09:09:09,832 - root - INFO - Episode 75 completed
2024-12-30 09:10:26,260 - root - INFO - Episode 76 completed
2024-12-30 09:11:40,202 - root - INFO - Episode 77 completed
2024-12-30 09:12:54,950 - root - INFO - Episode 78 completed
2024-12-30 09:14:08,106 - root - INFO - Episode 79 completed
2024-12-30 09:15:20,639 - root - INFO - Episode 80 completed
2024-12-30 09:16:33,528 - root - INFO - Episode 81 completed
2024-12-30 09:17:48,127 - root - INFO - Episode 82 completed
2024-12-30 09:19:08,499 - root - INFO - Episode 83 completed
2024-12-30 09:20:22,459 - root - INFO - Episode 84 completed
2024-12-30 09:21:36,087 - root - INFO - Episode 85 completed
2024-12-30 09:22:48,800 - root - INFO - Episode 86 completed
2024-12-30 09:24:01,237 - root - INFO - Episode 87 completed
2024-12-30 09:25:18,189 - root - INFO - Episode 88 completed
2024-12-30 09:26:31,921 - root - INFO - Episode 89 completed
2024-12-30 09:27:49,485 - root - INFO - Episode 90 completed
2024-12-30 09:29:06,479 - root - INFO - Episode 91 completed
2024-12-30 09:30:21,132 - root - INFO - Episode 92 completed
2024-12-30 09:31:38,735 - root - INFO - Episode 93 completed
2024-12-30 09:32:54,150 - root - INFO - Episode 94 completed
2024-12-30 09:34:15,454 - root - INFO - Episode 95 completed
2024-12-30 09:35:36,329 - root - INFO - Episode 96 completed
2024-12-30 09:36:55,933 - root - INFO - Episode 97 completed
2024-12-30 09:38:12,597 - root - INFO - Episode 98 completed
2024-12-30 09:39:26,384 - root - INFO - Episode 99 completed
2024-12-30 09:40:42,432 - root - INFO - Episode 100 completed
2024-12-30 09:41:57,109 - root - INFO - Episode 101 completed
2024-12-30 09:43:13,453 - root - INFO - Episode 102 completed
2024-12-30 09:44:35,824 - root - INFO - Episode 103 completed
2024-12-30 09:45:55,156 - root - INFO - Episode 104 completed
2024-12-30 09:47:02,878 - root - INFO - Episode 105 completed
2024-12-30 09:48:17,197 - root - INFO - Episode 106 completed
2024-12-30 09:49:31,695 - root - INFO - Episode 107 completed
2024-12-30 09:50:46,249 - root - INFO - Episode 108 completed
2024-12-30 09:52:00,668 - root - INFO - Episode 109 completed
2024-12-30 09:53:23,239 - root - INFO - Episode 110 completed
2024-12-30 09:54:45,136 - root - INFO - Episode 111 completed
2024-12-30 09:56:07,374 - root - INFO - Episode 112 completed
2024-12-30 09:57:24,498 - root - INFO - Episode 113 completed
2024-12-30 09:58:39,386 - root - INFO - Episode 114 completed
2024-12-30 09:59:38,405 - root - INFO - Episode 115 completed
2024-12-30 10:00:37,453 - root - INFO - Episode 116 completed
2024-12-30 10:01:56,835 - root - INFO - Episode 117 completed
2024-12-30 10:03:01,196 - root - INFO - Episode 118 completed
2024-12-30 10:03:59,167 - root - INFO - Episode 119 completed
2024-12-30 10:04:57,194 - root - INFO - Episode 120 completed
2024-12-30 10:05:52,855 - root - INFO - Episode 121 completed
2024-12-30 10:06:48,605 - root - INFO - Episode 122 completed
2024-12-30 10:07:45,523 - root - INFO - Episode 123 completed
2024-12-30 10:08:42,513 - root - INFO - Episode 124 completed
2024-12-30 10:09:40,707 - root - INFO - Episode 125 completed
2024-12-30 10:10:37,753 - root - INFO - Episode 126 completed
2024-12-30 10:11:36,039 - root - INFO - Episode 127 completed
2024-12-30 10:12:45,387 - root - INFO - Episode 128 completed
2024-12-30 10:14:31,551 - root - INFO - Episode 129 completed
2024-12-30 10:16:12,785 - root - INFO - Episode 130 completed
2024-12-30 10:17:32,499 - root - INFO - Episode 131 completed
2024-12-30 10:18:48,734 - root - INFO - Episode 132 completed
2024-12-30 10:20:04,634 - root - INFO - Episode 133 completed
2024-12-30 10:21:21,311 - root - INFO - Episode 134 completed
2024-12-30 10:22:37,620 - root - INFO - Episode 135 completed
2024-12-30 10:23:55,550 - root - INFO - Episode 136 completed
2024-12-30 10:25:20,521 - root - INFO - Episode 137 completed
2024-12-30 10:26:56,959 - root - INFO - Episode 138 completed
2024-12-30 10:28:29,990 - root - INFO - Episode 139 completed
2024-12-30 10:30:05,352 - root - INFO - Episode 140 completed
2024-12-30 10:31:44,263 - root - INFO - Episode 141 completed
2024-12-30 10:33:23,784 - root - INFO - Episode 142 completed
2024-12-30 10:35:13,030 - root - INFO - Episode 143 completed
2024-12-30 10:36:58,827 - root - INFO - Episode 144 completed
2024-12-30 10:38:37,735 - root - INFO - Episode 145 completed
2024-12-30 10:40:34,285 - root - INFO - Episode 146 completed
2024-12-30 10:42:36,091 - root - INFO - Episode 147 completed
2024-12-30 10:44:24,314 - root - INFO - Episode 148 completed
2024-12-30 10:46:10,583 - root - INFO - Episode 149 completed
2024-12-30 10:48:07,022 - root - INFO - Episode 150 completed
2024-12-30 10:49:57,131 - root - INFO - Episode 151 completed
2024-12-30 10:51:50,776 - root - INFO - Episode 152 completed
2024-12-30 10:53:42,844 - root - INFO - Episode 153 completed
2024-12-30 10:55:19,023 - root - INFO - Episode 154 completed
2024-12-30 10:56:53,760 - root - INFO - Episode 155 completed
2024-12-30 10:58:39,504 - root - INFO - Episode 156 completed
2024-12-30 11:00:34,447 - root - INFO - Episode 157 completed
2024-12-30 11:02:23,292 - root - INFO - Episode 158 completed
2024-12-30 11:04:12,879 - root - INFO - Episode 159 completed
2024-12-30 11:05:58,653 - root - INFO - Episode 160 completed
2024-12-30 11:07:51,776 - root - INFO - Episode 161 completed
2024-12-30 11:09:46,215 - root - INFO - Episode 162 completed
2024-12-30 11:11:40,303 - root - INFO - Episode 163 completed
2024-12-30 11:13:30,333 - root - INFO - Episode 164 completed
2024-12-30 11:15:19,233 - root - INFO - Episode 165 completed
2024-12-30 11:17:12,830 - root - INFO - Episode 166 completed
2024-12-30 11:18:48,511 - root - INFO - Episode 167 completed
2024-12-30 11:20:20,572 - root - INFO - Episode 168 completed
2024-12-30 11:21:51,483 - root - INFO - Episode 169 completed
2024-12-30 11:23:28,544 - root - INFO - Episode 170 completed
2024-12-30 11:25:02,547 - root - INFO - Episode 171 completed
2024-12-30 11:26:20,466 - root - INFO - Episode 172 completed
2024-12-30 11:27:39,216 - root - INFO - Episode 173 completed
2024-12-30 11:28:57,739 - root - INFO - Episode 174 completed
2024-12-30 11:30:15,399 - root - INFO - Episode 175 completed
2024-12-30 11:31:29,891 - root - INFO - Episode 176 completed
2024-12-30 11:32:46,567 - root - INFO - Episode 177 completed
2024-12-30 11:34:01,736 - root - INFO - Episode 178 completed
2024-12-30 11:35:15,397 - root - INFO - Episode 179 completed
2024-12-30 11:36:29,919 - root - INFO - Episode 180 completed
2024-12-30 11:37:43,711 - root - INFO - Episode 181 completed
2024-12-30 11:38:58,320 - root - INFO - Episode 182 completed
2024-12-30 11:40:13,319 - root - INFO - Episode 183 completed
2024-12-30 11:41:29,178 - root - INFO - Episode 184 completed
2024-12-30 11:42:44,705 - root - INFO - Episode 185 completed
2024-12-30 11:44:01,146 - root - INFO - Episode 186 completed
2024-12-30 11:45:17,312 - root - INFO - Episode 187 completed
2024-12-30 11:46:33,049 - root - INFO - Episode 188 completed
2024-12-30 11:47:48,841 - root - INFO - Episode 189 completed
2024-12-30 11:49:04,792 - root - INFO - Episode 190 completed
2024-12-30 11:50:20,476 - root - INFO - Episode 191 completed
2024-12-30 11:51:36,718 - root - INFO - Episode 192 completed
2024-12-30 11:52:53,219 - root - INFO - Episode 193 completed
2024-12-30 11:54:09,160 - root - INFO - Episode 194 completed
2024-12-30 11:55:24,047 - root - INFO - Episode 195 completed
2024-12-30 11:56:39,206 - root - INFO - Episode 196 completed
2024-12-30 11:57:53,248 - root - INFO - Episode 197 completed
2024-12-30 11:59:06,731 - root - INFO - Episode 198 completed
2024-12-30 12:00:21,127 - root - INFO - Episode 199 completed
2024-12-30 12:01:35,027 - root - INFO - Episode 200 completed
2024-12-30 12:02:48,828 - root - INFO - Episode 201 completed
2024-12-30 12:04:02,678 - root - INFO - Episode 202 completed
2024-12-30 12:05:17,311 - root - INFO - Episode 203 completed
2024-12-30 12:06:32,575 - root - INFO - Episode 204 completed
2024-12-30 12:07:48,446 - root - INFO - Episode 205 completed
2024-12-30 12:09:04,202 - root - INFO - Episode 206 completed
2024-12-30 12:10:19,788 - root - INFO - Episode 207 completed
2024-12-30 12:11:35,436 - root - INFO - Episode 208 completed
2024-12-30 12:12:50,946 - root - INFO - Episode 209 completed
2024-12-30 12:14:06,785 - root - INFO - Episode 210 completed
2024-12-30 12:15:23,339 - root - INFO - Episode 211 completed
2024-12-30 12:16:40,821 - root - INFO - Episode 212 completed
2024-12-30 12:17:57,854 - root - INFO - Episode 213 completed
2024-12-30 12:19:15,008 - root - INFO - Episode 214 completed
2024-12-30 12:20:29,792 - root - INFO - Episode 215 completed
2024-12-30 12:21:44,307 - root - INFO - Episode 216 completed
2024-12-30 12:22:57,890 - root - INFO - Episode 217 completed
2024-12-30 12:24:11,928 - root - INFO - Episode 218 completed
2024-12-30 12:25:25,434 - root - INFO - Episode 219 completed
2024-12-30 12:26:39,934 - root - INFO - Episode 220 completed
2024-12-30 12:27:54,477 - root - INFO - Episode 221 completed
2024-12-30 12:29:09,321 - root - INFO - Episode 222 completed
2024-12-30 12:30:24,665 - root - INFO - Episode 223 completed
2024-12-30 12:31:40,528 - root - INFO - Episode 224 completed
2024-12-30 12:32:56,835 - root - INFO - Episode 225 completed
2024-12-30 12:34:13,156 - root - INFO - Episode 226 completed
2024-12-30 12:35:29,630 - root - INFO - Episode 227 completed
2024-12-30 12:36:44,635 - root - INFO - Episode 228 completed
2024-12-30 12:37:59,672 - root - INFO - Episode 229 completed
2024-12-30 12:39:16,441 - root - INFO - Episode 230 completed
2024-12-30 12:40:33,630 - root - INFO - Episode 231 completed
2024-12-30 12:41:50,208 - root - INFO - Episode 232 completed
2024-12-30 12:43:07,068 - root - INFO - Episode 233 completed
2024-12-30 12:44:23,721 - root - INFO - Episode 234 completed
2024-12-30 12:45:40,106 - root - INFO - Episode 235 completed
2024-12-30 12:46:54,757 - root - INFO - Episode 236 completed
2024-12-30 12:48:08,945 - root - INFO - Episode 237 completed
2024-12-30 12:49:23,256 - root - INFO - Episode 238 completed
2024-12-30 12:50:37,175 - root - INFO - Episode 239 completed
2024-12-30 12:51:51,225 - root - INFO - Episode 240 completed
2024-12-30 12:53:05,352 - root - INFO - Episode 241 completed
2024-12-30 12:54:20,020 - root - INFO - Episode 242 completed
2024-12-30 12:55:36,308 - root - INFO - Episode 243 completed
2024-12-30 12:56:52,252 - root - INFO - Episode 244 completed
2024-12-30 12:58:08,297 - root - INFO - Episode 245 completed
2024-12-30 12:59:24,296 - root - INFO - Episode 246 completed
2024-12-30 13:00:40,734 - root - INFO - Episode 247 completed
2024-12-30 13:01:56,358 - root - INFO - Episode 248 completed
2024-12-30 13:03:11,787 - root - INFO - Episode 249 completed
2024-12-30 13:04:28,036 - root - INFO - Episode 250 completed
2024-12-30 13:05:45,027 - root - INFO - Episode 251 completed
2024-12-30 13:07:01,833 - root - INFO - Episode 252 completed
2024-12-30 13:08:20,019 - root - INFO - Episode 253 completed
2024-12-30 13:09:37,376 - root - INFO - Episode 254 completed
2024-12-30 13:10:54,306 - root - INFO - Episode 255 completed
2024-12-30 13:12:08,965 - root - INFO - Episode 256 completed
2024-12-30 13:13:22,936 - root - INFO - Episode 257 completed
2024-12-30 13:14:37,341 - root - INFO - Episode 258 completed
2024-12-30 13:15:51,776 - root - INFO - Episode 259 completed
2024-12-30 13:17:05,985 - root - INFO - Episode 260 completed
2024-12-30 13:18:20,166 - root - INFO - Episode 261 completed
2024-12-30 13:19:34,629 - root - INFO - Episode 262 completed
2024-12-30 13:20:49,849 - root - INFO - Episode 263 completed
2024-12-30 13:22:07,178 - root - INFO - Episode 264 completed
2024-12-30 13:23:22,821 - root - INFO - Episode 265 completed
2024-12-30 13:24:38,743 - root - INFO - Episode 266 completed
2024-12-30 13:25:54,839 - root - INFO - Episode 267 completed
2024-12-30 13:27:11,379 - root - INFO - Episode 268 completed
2024-12-30 13:28:26,980 - root - INFO - Episode 269 completed
2024-12-30 13:29:43,327 - root - INFO - Episode 270 completed
2024-12-30 13:31:00,958 - root - INFO - Episode 271 completed
2024-12-30 13:32:18,715 - root - INFO - Episode 272 completed
2024-12-30 13:33:35,946 - root - INFO - Episode 273 completed
2024-12-30 13:34:53,920 - root - INFO - Episode 274 completed
2024-12-30 13:36:10,550 - root - INFO - Episode 275 completed
2024-12-30 13:37:24,943 - root - INFO - Episode 276 completed
2024-12-30 13:38:39,643 - root - INFO - Episode 277 completed
2024-12-30 13:39:54,297 - root - INFO - Episode 278 completed
2024-12-30 13:41:09,328 - root - INFO - Episode 279 completed
2024-12-30 13:42:23,673 - root - INFO - Episode 280 completed
2024-12-30 13:43:37,722 - root - INFO - Episode 281 completed
2024-12-30 13:44:52,011 - root - INFO - Episode 282 completed
2024-12-30 13:46:06,510 - root - INFO - Episode 283 completed
2024-12-30 13:47:22,113 - root - INFO - Episode 284 completed
2024-12-30 13:48:38,359 - root - INFO - Episode 285 completed
2024-12-30 13:49:54,215 - root - INFO - Episode 286 completed
2024-12-30 13:51:09,950 - root - INFO - Episode 287 completed
2024-12-30 13:52:26,393 - root - INFO - Episode 288 completed
2024-12-30 13:53:42,182 - root - INFO - Episode 289 completed
2024-12-30 13:54:57,580 - root - INFO - Episode 290 completed
2024-12-30 13:56:15,120 - root - INFO - Episode 291 completed
2024-12-30 13:57:32,453 - root - INFO - Episode 292 completed
2024-12-30 13:58:49,219 - root - INFO - Episode 293 completed
2024-12-30 14:00:07,409 - root - INFO - Episode 294 completed
2024-12-30 14:01:23,795 - root - INFO - Episode 295 completed
2024-12-30 14:02:38,990 - root - INFO - Episode 296 completed
2024-12-30 14:03:53,729 - root - INFO - Episode 297 completed
2024-12-30 14:05:07,953 - root - INFO - Episode 298 completed
2024-12-30 14:06:22,331 - root - INFO - Episode 299 completed
2024-12-30 14:07:36,872 - root - INFO - Episode 300 completed
2024-12-30 14:08:51,717 - root - INFO - Episode 301 completed
2024-12-30 14:10:06,344 - root - INFO - Episode 302 completed
2024-12-30 14:11:21,781 - root - INFO - Episode 303 completed
2024-12-30 14:12:37,952 - root - INFO - Episode 304 completed
2024-12-30 14:13:54,315 - root - INFO - Episode 305 completed
2024-12-30 14:15:10,144 - root - INFO - Episode 306 completed
2024-12-30 14:16:27,296 - root - INFO - Episode 307 completed
2024-12-30 14:17:43,383 - root - INFO - Episode 308 completed
2024-12-30 14:18:58,731 - root - INFO - Episode 309 completed
2024-12-30 14:20:14,335 - root - INFO - Episode 310 completed
2024-12-30 14:21:31,221 - root - INFO - Episode 311 completed
2024-12-30 14:22:47,933 - root - INFO - Episode 312 completed
2024-12-30 14:24:05,805 - root - INFO - Episode 313 completed
2024-12-30 14:25:23,610 - root - INFO - Episode 314 completed
2024-12-30 14:26:40,839 - root - INFO - Episode 315 completed
2024-12-30 14:27:56,550 - root - INFO - Episode 316 completed
2024-12-30 14:29:10,479 - root - INFO - Episode 317 completed
2024-12-30 14:30:24,771 - root - INFO - Episode 318 completed
2024-12-30 14:31:39,437 - root - INFO - Episode 319 completed
2024-12-30 14:32:53,925 - root - INFO - Episode 320 completed
2024-12-30 14:34:08,417 - root - INFO - Episode 321 completed
2024-12-30 14:35:23,060 - root - INFO - Episode 322 completed
2024-12-30 14:36:38,858 - root - INFO - Episode 323 completed
2024-12-30 14:37:54,761 - root - INFO - Episode 324 completed
2024-12-30 14:39:10,646 - root - INFO - Episode 325 completed
2024-12-30 14:40:26,706 - root - INFO - Episode 326 completed
2024-12-30 14:41:42,948 - root - INFO - Episode 327 completed
2024-12-30 14:42:59,336 - root - INFO - Episode 328 completed
2024-12-30 14:44:15,080 - root - INFO - Episode 329 completed
2024-12-30 14:45:31,148 - root - INFO - Episode 330 completed
2024-12-30 14:46:47,921 - root - INFO - Episode 331 completed
2024-12-30 14:48:06,016 - root - INFO - Episode 332 completed
2024-12-30 14:49:23,729 - root - INFO - Episode 333 completed
2024-12-30 14:50:41,138 - root - INFO - Episode 334 completed
2024-12-30 14:51:57,961 - root - INFO - Episode 335 completed
2024-12-30 14:53:13,655 - root - INFO - Episode 336 completed
2024-12-30 14:54:28,235 - root - INFO - Episode 337 completed
2024-12-30 14:55:43,661 - root - INFO - Episode 338 completed
2024-12-30 14:56:58,724 - root - INFO - Episode 339 completed
2024-12-30 14:58:13,362 - root - INFO - Episode 340 completed
2024-12-30 14:59:27,283 - root - INFO - Episode 341 completed
2024-12-30 15:00:42,362 - root - INFO - Episode 342 completed
2024-12-30 15:01:58,135 - root - INFO - Episode 343 completed
2024-12-30 15:03:15,153 - root - INFO - Episode 344 completed
2024-12-30 15:04:31,800 - root - INFO - Episode 345 completed
2024-12-30 15:05:47,937 - root - INFO - Episode 346 completed
2024-12-30 15:07:04,202 - root - INFO - Episode 347 completed
2024-12-30 15:08:20,835 - root - INFO - Episode 348 completed
2024-12-30 15:09:36,489 - root - INFO - Episode 349 completed
2024-12-30 15:10:53,390 - root - INFO - Episode 350 completed
2024-12-30 15:12:10,418 - root - INFO - Episode 351 completed
2024-12-30 15:13:27,628 - root - INFO - Episode 352 completed
2024-12-30 15:14:45,560 - root - INFO - Episode 353 completed
2024-12-30 15:16:03,654 - root - INFO - Episode 354 completed
2024-12-30 15:17:20,507 - root - INFO - Episode 355 completed
2024-12-30 15:18:35,659 - root - INFO - Episode 356 completed
2024-12-30 15:19:50,286 - root - INFO - Episode 357 completed
2024-12-30 15:21:04,446 - root - INFO - Episode 358 completed
2024-12-30 15:22:18,835 - root - INFO - Episode 359 completed
2024-12-30 15:23:33,920 - root - INFO - Episode 360 completed
2024-12-30 15:24:48,206 - root - INFO - Episode 361 completed
2024-12-30 15:26:03,259 - root - INFO - Episode 362 completed
2024-12-30 15:27:17,989 - root - INFO - Episode 363 completed
2024-12-30 15:28:34,306 - root - INFO - Episode 364 completed
2024-12-30 15:29:51,163 - root - INFO - Episode 365 completed
2024-12-30 15:31:08,122 - root - INFO - Episode 366 completed
2024-12-30 15:32:24,396 - root - INFO - Episode 367 completed
2024-12-30 15:33:40,285 - root - INFO - Episode 368 completed
2024-12-30 15:34:56,445 - root - INFO - Episode 369 completed
2024-12-30 15:36:13,687 - root - INFO - Episode 370 completed
2024-12-30 15:37:31,736 - root - INFO - Episode 371 completed
2024-12-30 15:38:50,120 - root - INFO - Episode 372 completed
2024-12-30 15:40:08,503 - root - INFO - Episode 373 completed
2024-12-30 15:41:26,216 - root - INFO - Episode 374 completed
2024-12-30 15:42:42,818 - root - INFO - Episode 375 completed
2024-12-30 15:43:57,843 - root - INFO - Episode 376 completed
2024-12-30 15:45:12,653 - root - INFO - Episode 377 completed
2024-12-30 15:46:27,575 - root - INFO - Episode 378 completed
2024-12-30 15:47:42,672 - root - INFO - Episode 379 completed
2024-12-30 15:48:57,546 - root - INFO - Episode 380 completed
2024-12-30 15:50:11,919 - root - INFO - Episode 381 completed
2024-12-30 15:51:26,700 - root - INFO - Episode 382 completed
2024-12-30 15:52:41,818 - root - INFO - Episode 383 completed
2024-12-30 15:53:58,060 - root - INFO - Episode 384 completed
2024-12-30 15:55:14,410 - root - INFO - Episode 385 completed
2024-12-30 15:56:30,844 - root - INFO - Episode 386 completed
2024-12-30 15:57:47,539 - root - INFO - Episode 387 completed
2024-12-30 15:59:03,938 - root - INFO - Episode 388 completed
2024-12-30 16:00:19,785 - root - INFO - Episode 389 completed
2024-12-30 16:01:36,146 - root - INFO - Episode 390 completed
2024-12-30 16:02:54,519 - root - INFO - Episode 391 completed
2024-12-30 16:04:12,874 - root - INFO - Episode 392 completed
2024-12-30 16:05:30,945 - root - INFO - Episode 393 completed
2024-12-30 16:06:48,941 - root - INFO - Episode 394 completed
2024-12-30 16:08:06,361 - root - INFO - Episode 395 completed
2024-12-30 16:09:21,350 - root - INFO - Episode 396 completed
2024-12-30 16:10:40,511 - root - INFO - Episode 397 completed
2024-12-30 16:12:20,298 - root - INFO - Episode 398 completed
2024-12-30 16:14:01,194 - root - INFO - Episode 399 completed
2024-12-30 16:15:41,345 - root - INFO - Episode 400 completed
2024-12-30 16:17:24,512 - root - INFO - Episode 401 completed
2024-12-30 16:19:07,409 - root - INFO - Episode 402 completed
2024-12-30 16:20:50,606 - root - INFO - Episode 403 completed
2024-12-30 16:22:33,768 - root - INFO - Episode 404 completed
2024-12-30 16:24:16,696 - root - INFO - Episode 405 completed
2024-12-30 16:25:59,706 - root - INFO - Episode 406 completed
2024-12-30 16:27:43,086 - root - INFO - Episode 407 completed
2024-12-30 16:29:26,128 - root - INFO - Episode 408 completed
2024-12-30 16:31:09,488 - root - INFO - Episode 409 completed
2024-12-30 16:32:53,044 - root - INFO - Episode 410 completed
2024-12-30 16:34:36,003 - root - INFO - Episode 411 completed
2024-12-30 16:36:19,137 - root - INFO - Episode 412 completed
2024-12-30 16:38:02,244 - root - INFO - Episode 413 completed
2024-12-30 16:39:45,089 - root - INFO - Episode 414 completed
2024-12-30 16:41:28,315 - root - INFO - Episode 415 completed
2024-12-30 16:43:11,472 - root - INFO - Episode 416 completed
2024-12-30 16:44:53,994 - root - INFO - Episode 417 completed
2024-12-30 16:46:36,777 - root - INFO - Episode 418 completed
2024-12-30 16:48:19,656 - root - INFO - Episode 419 completed
2024-12-30 16:50:02,294 - root - INFO - Episode 420 completed
2024-12-30 16:51:44,594 - root - INFO - Episode 421 completed
2024-12-30 16:53:27,151 - root - INFO - Episode 422 completed
2024-12-30 16:55:09,572 - root - INFO - Episode 423 completed
2024-12-30 16:56:52,488 - root - INFO - Episode 424 completed
2024-12-30 16:58:34,864 - root - INFO - Episode 425 completed
2024-12-30 17:00:17,607 - root - INFO - Episode 426 completed
2024-12-30 17:02:00,226 - root - INFO - Episode 427 completed
2024-12-30 17:03:42,839 - root - INFO - Episode 428 completed
2024-12-30 17:05:25,816 - root - INFO - Episode 429 completed
2024-12-30 17:07:08,642 - root - INFO - Episode 430 completed
2024-12-30 17:08:51,103 - root - INFO - Episode 431 completed
2024-12-30 17:10:33,471 - root - INFO - Episode 432 completed
2024-12-30 17:12:16,073 - root - INFO - Episode 433 completed
2024-12-30 17:13:59,297 - root - INFO - Episode 434 completed
2024-12-30 17:15:41,847 - root - INFO - Episode 435 completed
2024-12-30 17:17:24,582 - root - INFO - Episode 436 completed
2024-12-30 17:19:06,734 - root - INFO - Episode 437 completed
2024-12-30 17:20:49,066 - root - INFO - Episode 438 completed
2024-12-30 17:22:31,639 - root - INFO - Episode 439 completed
2024-12-30 17:24:13,834 - root - INFO - Episode 440 completed
2024-12-30 17:25:56,516 - root - INFO - Episode 441 completed
2024-12-30 17:27:38,915 - root - INFO - Episode 442 completed
2024-12-30 17:29:21,401 - root - INFO - Episode 443 completed
2024-12-30 17:31:03,725 - root - INFO - Episode 444 completed
2024-12-30 17:32:46,570 - root - INFO - Episode 445 completed
2024-12-30 17:34:28,685 - root - INFO - Episode 446 completed
2024-12-30 17:36:11,274 - root - INFO - Episode 447 completed
2024-12-30 17:37:53,761 - root - INFO - Episode 448 completed
2024-12-30 17:39:36,292 - root - INFO - Episode 449 completed
2024-12-30 17:41:18,942 - root - INFO - Episode 450 completed
2024-12-30 17:43:01,669 - root - INFO - Episode 451 completed
2024-12-30 17:44:43,849 - root - INFO - Episode 452 completed
2024-12-30 17:46:26,463 - root - INFO - Episode 453 completed
2024-12-30 17:48:08,578 - root - INFO - Episode 454 completed
2024-12-30 17:49:44,580 - root - INFO - Episode 455 completed
2024-12-30 17:51:28,424 - root - INFO - Episode 456 completed
2024-12-30 17:53:12,807 - root - INFO - Episode 457 completed
2024-12-30 17:54:56,725 - root - INFO - Episode 458 completed
2024-12-30 17:56:40,163 - root - INFO - Episode 459 completed
2024-12-30 17:58:23,610 - root - INFO - Episode 460 completed
2024-12-30 18:00:06,768 - root - INFO - Episode 461 completed
2024-12-30 18:01:50,182 - root - INFO - Episode 462 completed
2024-12-30 18:03:33,386 - root - INFO - Episode 463 completed
2024-12-30 18:05:16,687 - root - INFO - Episode 464 completed
2024-12-30 18:06:59,753 - root - INFO - Episode 465 completed
2024-12-30 18:08:42,871 - root - INFO - Episode 466 completed
2024-12-30 18:10:25,855 - root - INFO - Episode 467 completed
2024-12-30 18:12:08,937 - root - INFO - Episode 468 completed
2024-12-30 18:13:52,002 - root - INFO - Episode 469 completed
2024-12-30 18:15:35,312 - root - INFO - Episode 470 completed
2024-12-30 18:17:18,918 - root - INFO - Episode 471 completed
2024-12-30 18:19:02,002 - root - INFO - Episode 472 completed
2024-12-30 18:20:45,075 - root - INFO - Episode 473 completed
2024-12-30 18:22:27,703 - root - INFO - Episode 474 completed
2024-12-30 18:24:10,111 - root - INFO - Episode 475 completed
2024-12-30 18:25:53,011 - root - INFO - Episode 476 completed
2024-12-30 18:27:36,195 - root - INFO - Episode 477 completed
2024-12-30 18:29:19,110 - root - INFO - Episode 478 completed
2024-12-30 18:31:02,373 - root - INFO - Episode 479 completed
2024-12-30 18:32:45,588 - root - INFO - Episode 480 completed
2024-12-30 18:34:28,658 - root - INFO - Episode 481 completed
2024-12-30 18:36:11,999 - root - INFO - Episode 482 completed
2024-12-30 18:37:54,609 - root - INFO - Episode 483 completed
2024-12-30 18:39:37,371 - root - INFO - Episode 484 completed
2024-12-30 18:41:20,257 - root - INFO - Episode 485 completed
2024-12-30 18:43:03,230 - root - INFO - Episode 486 completed
2024-12-30 18:44:46,444 - root - INFO - Episode 487 completed
2024-12-30 18:46:29,307 - root - INFO - Episode 488 completed
2024-12-30 18:48:12,432 - root - INFO - Episode 489 completed
2024-12-30 18:49:55,082 - root - INFO - Episode 490 completed
2024-12-30 18:51:36,665 - root - INFO - Episode 491 completed
2024-12-30 18:53:21,105 - root - INFO - Episode 492 completed
2024-12-30 18:55:05,970 - root - INFO - Episode 493 completed
2024-12-30 18:56:50,050 - root - INFO - Episode 494 completed
2024-12-30 18:58:33,171 - root - INFO - Episode 495 completed
2024-12-30 19:00:16,452 - root - INFO - Episode 496 completed
2024-12-30 19:01:54,994 - root - INFO - Episode 497 completed
2024-12-30 19:03:33,999 - root - INFO - Episode 498 completed
2024-12-30 19:05:13,581 - root - INFO - Episode 499 completed
2024-12-30 19:05:14,041 - root - INFO - Training completed
